<?xml version="1.0" encoding="UTF-8"?>
<coverage generated="1642894039564" clover="3.2.0">
  <project timestamp="1642894039564" name="All files">
    <metrics statements="39" coveredstatements="39" conditionals="12" coveredconditionals="12" methods="3" coveredmethods="3" elements="54" coveredelements="54" complexity="0" loc="39" ncloc="39" packages="1" files="1" classes="1"/>
    <file name="fizzbuzz.js" path="D:\data\proyectos\tecnic-exam\fizzbuzz.js">
      <metrics statements="39" coveredstatements="39" conditionals="12" coveredconditionals="12" methods="3" coveredmethods="3"/>
      <line num="1" count="37" type="cond" truecount="1" falsecount="0"/>
      <line num="2" count="37" type="stmt"/>
      <line num="3" count="37" type="cond" truecount="1" falsecount="0"/>
      <line num="4" count="1" type="stmt"/>
      <line num="5" count="1" type="stmt"/>
      <line num="6" count="36" type="cond" truecount="1" falsecount="0"/>
      <line num="7" count="37" type="cond" truecount="1" falsecount="0"/>
      <line num="8" count="2" type="stmt"/>
      <line num="9" count="2" type="stmt"/>
      <line num="10" count="37" type="stmt"/>
      <line num="11" count="37" type="cond" truecount="2" falsecount="0"/>
      <line num="12" count="3" type="stmt"/>
      <line num="13" count="3" type="stmt"/>
      <line num="14" count="31" type="cond" truecount="1" falsecount="0"/>
      <line num="15" count="37" type="cond" truecount="1" falsecount="0"/>
      <line num="16" count="9" type="stmt"/>
      <line num="17" count="9" type="stmt"/>
      <line num="18" count="37" type="stmt"/>
      <line num="19" count="37" type="cond" truecount="1" falsecount="0"/>
      <line num="20" count="5" type="stmt"/>
      <line num="21" count="5" type="stmt"/>
      <line num="22" count="37" type="stmt"/>
      <line num="23" count="37" type="stmt"/>
      <line num="24" count="37" type="stmt"/>
      <line num="25" count="1" type="stmt"/>
      <line num="26" count="1" type="cond" truecount="1" falsecount="0"/>
      <line num="27" count="1" type="cond" truecount="1" falsecount="0"/>
      <line num="28" count="31" type="stmt"/>
      <line num="29" count="31" type="stmt"/>
      <line num="30" count="31" type="stmt"/>
      <line num="31" count="1" type="stmt"/>
      <line num="32" count="1" type="stmt"/>
      <line num="33" count="99" type="cond" truecount="1" falsecount="0"/>
      <line num="34" count="99" type="stmt"/>
      <line num="35" count="99" type="stmt"/>
      <line num="36" count="1" type="stmt"/>
      <line num="37" count="1" type="stmt"/>
      <line num="38" count="1" type="stmt"/>
      <line num="39" count="1" type="stmt"/>
    </file>
  </project>
</coverage>
