{"D:\\data\\proyectos\\tecnic-exam\\fizzbuzz.js": {"path":"D:\\data\\proyectos\\tecnic-exam\\fizzbuzz.js","all":false,"statementMap":{"0":{"start":{"line":1,"column":0},"end":{"line":1,"column":24}},"1":{"start":{"line":2,"column":0},"end":{"line":2,"column":0}},"2":{"start":{"line":3,"column":0},"end":{"line":3,"column":32}},"3":{"start":{"line":4,"column":0},"end":{"line":4,"column":41}},"4":{"start":{"line":5,"column":0},"end":{"line":5,"column":5}},"5":{"start":{"line":6,"column":0},"end":{"line":6,"column":0}},"6":{"start":{"line":7,"column":0},"end":{"line":7,"column":18}},"7":{"start":{"line":8,"column":0},"end":{"line":8,"column":16}},"8":{"start":{"line":9,"column":0},"end":{"line":9,"column":5}},"9":{"start":{"line":10,"column":0},"end":{"line":10,"column":0}},"10":{"start":{"line":11,"column":0},"end":{"line":11,"column":45}},"11":{"start":{"line":12,"column":0},"end":{"line":12,"column":25}},"12":{"start":{"line":13,"column":0},"end":{"line":13,"column":5}},"13":{"start":{"line":14,"column":0},"end":{"line":14,"column":0}},"14":{"start":{"line":15,"column":0},"end":{"line":15,"column":25}},"15":{"start":{"line":16,"column":0},"end":{"line":16,"column":21}},"16":{"start":{"line":17,"column":0},"end":{"line":17,"column":5}},"17":{"start":{"line":18,"column":0},"end":{"line":18,"column":0}},"18":{"start":{"line":19,"column":0},"end":{"line":19,"column":25}},"19":{"start":{"line":20,"column":0},"end":{"line":20,"column":21}},"20":{"start":{"line":21,"column":0},"end":{"line":21,"column":5}},"21":{"start":{"line":22,"column":0},"end":{"line":22,"column":0}},"22":{"start":{"line":23,"column":0},"end":{"line":23,"column":15}},"23":{"start":{"line":24,"column":0},"end":{"line":24,"column":1}},"24":{"start":{"line":25,"column":0},"end":{"line":25,"column":0}},"25":{"start":{"line":26,"column":0},"end":{"line":26,"column":20}},"26":{"start":{"line":27,"column":0},"end":{"line":27,"column":35}},"27":{"start":{"line":28,"column":0},"end":{"line":28,"column":45}},"28":{"start":{"line":29,"column":0},"end":{"line":29,"column":8}},"29":{"start":{"line":30,"column":0},"end":{"line":30,"column":5}},"30":{"start":{"line":31,"column":0},"end":{"line":31,"column":1}},"31":{"start":{"line":32,"column":0},"end":{"line":32,"column":0}},"32":{"start":{"line":33,"column":0},"end":{"line":33,"column":33}},"33":{"start":{"line":34,"column":0},"end":{"line":34,"column":30}},"34":{"start":{"line":35,"column":0},"end":{"line":35,"column":1}},"35":{"start":{"line":36,"column":0},"end":{"line":36,"column":0}},"36":{"start":{"line":37,"column":0},"end":{"line":37,"column":9}},"37":{"start":{"line":38,"column":0},"end":{"line":38,"column":0}},"38":{"start":{"line":39,"column":0},"end":{"line":39,"column":23}}},"s":{"0":37,"1":37,"2":37,"3":1,"4":1,"5":36,"6":37,"7":2,"8":2,"9":37,"10":37,"11":3,"12":3,"13":31,"14":37,"15":9,"16":9,"17":37,"18":37,"19":5,"20":5,"21":37,"22":37,"23":37,"24":1,"25":1,"26":1,"27":31,"28":31,"29":31,"30":1,"31":1,"32":99,"33":99,"34":99,"35":1,"36":1,"37":1,"38":1},"branchMap":{"0":{"type":"branch","line":1,"loc":{"start":{"line":1,"column":0},"end":{"line":24,"column":1}},"locations":[{"start":{"line":1,"column":0},"end":{"line":24,"column":1}}]},"1":{"type":"branch","line":3,"loc":{"start":{"line":3,"column":31},"end":{"line":5,"column":5}},"locations":[{"start":{"line":3,"column":31},"end":{"line":5,"column":5}}]},"2":{"type":"branch","line":6,"loc":{"start":{"line":6,"column":-2},"end":{"line":7,"column":7}},"locations":[{"start":{"line":6,"column":-2},"end":{"line":7,"column":7}}]},"3":{"type":"branch","line":7,"loc":{"start":{"line":7,"column":17},"end":{"line":9,"column":5}},"locations":[{"start":{"line":7,"column":17},"end":{"line":9,"column":5}}]},"4":{"type":"branch","line":11,"loc":{"start":{"line":11,"column":7},"end":{"line":11,"column":37}},"locations":[{"start":{"line":11,"column":7},"end":{"line":11,"column":37}}]},"5":{"type":"branch","line":11,"loc":{"start":{"line":11,"column":44},"end":{"line":13,"column":5}},"locations":[{"start":{"line":11,"column":44},"end":{"line":13,"column":5}}]},"6":{"type":"branch","line":14,"loc":{"start":{"line":14,"column":-2},"end":{"line":15,"column":7}},"locations":[{"start":{"line":14,"column":-2},"end":{"line":15,"column":7}}]},"7":{"type":"branch","line":15,"loc":{"start":{"line":15,"column":24},"end":{"line":17,"column":5}},"locations":[{"start":{"line":15,"column":24},"end":{"line":17,"column":5}}]},"8":{"type":"branch","line":19,"loc":{"start":{"line":19,"column":24},"end":{"line":21,"column":5}},"locations":[{"start":{"line":19,"column":24},"end":{"line":21,"column":5}}]},"9":{"type":"branch","line":26,"loc":{"start":{"line":26,"column":0},"end":{"line":31,"column":1}},"locations":[{"start":{"line":26,"column":0},"end":{"line":31,"column":1}}]},"10":{"type":"branch","line":27,"loc":{"start":{"line":27,"column":34},"end":{"line":30,"column":5}},"locations":[{"start":{"line":27,"column":34},"end":{"line":30,"column":5}}]},"11":{"type":"branch","line":33,"loc":{"start":{"line":33,"column":0},"end":{"line":35,"column":1}},"locations":[{"start":{"line":33,"column":0},"end":{"line":35,"column":1}}]}},"b":{"0":[37],"1":[1],"2":[36],"3":[2],"4":[12],"5":[3],"6":[31],"7":[9],"8":[5],"9":[1],"10":[31],"11":[99]},"fnMap":{"0":{"name":"fizzbuzz","decl":{"start":{"line":1,"column":0},"end":{"line":24,"column":1}},"loc":{"start":{"line":1,"column":0},"end":{"line":24,"column":1}},"line":1},"1":{"name":"print","decl":{"start":{"line":26,"column":0},"end":{"line":31,"column":1}},"loc":{"start":{"line":26,"column":0},"end":{"line":31,"column":1}},"line":26},"2":{"name":"divisible","decl":{"start":{"line":33,"column":0},"end":{"line":35,"column":1}},"loc":{"start":{"line":33,"column":0},"end":{"line":35,"column":1}},"line":33}},"f":{"0":37,"1":1,"2":99}}
}
