TN:
SF:fizzbuzz.js
FN:1,fizzbuzz
FN:26,print
FN:33,divisible
FNF:3
FNH:3
FNDA:37,fizzbuzz
FNDA:1,print
FNDA:99,divisible
DA:1,37
DA:2,37
DA:3,37
DA:4,1
DA:5,1
DA:6,36
DA:7,37
DA:8,2
DA:9,2
DA:10,37
DA:11,37
DA:12,3
DA:13,3
DA:14,31
DA:15,37
DA:16,9
DA:17,9
DA:18,37
DA:19,37
DA:20,5
DA:21,5
DA:22,37
DA:23,37
DA:24,37
DA:25,1
DA:26,1
DA:27,1
DA:28,31
DA:29,31
DA:30,31
DA:31,1
DA:32,1
DA:33,99
DA:34,99
DA:35,99
DA:36,1
DA:37,1
DA:38,1
DA:39,1
LF:39
LH:39
BRDA:1,0,0,37
BRDA:3,1,0,1
BRDA:6,2,0,36
BRDA:7,3,0,2
BRDA:11,4,0,12
BRDA:11,5,0,3
BRDA:14,6,0,31
BRDA:15,7,0,9
BRDA:19,8,0,5
BRDA:26,9,0,1
BRDA:27,10,0,31
BRDA:33,11,0,99
BRF:12
BRH:12
end_of_record
